<?xml version="1.0" encoding="UTF-8"?>
<!-- Generated by org.testng.reporters.JUnitReportReporter -->
<testsuite hostname="Elenas-MacBook-Air.local" failures="0" tests="1" name="demo.oAuthDemo" time="2.492" errors="0" timestamp="2025-01-06T11:56:54 EST" skipped="0">
  <testcase classname="demo.oAuthDemo" name="getCourses" time="2.492"/>
</testsuite> <!-- demo.oAuthDemo -->
