<?xml version="1.0" encoding="UTF-8"?>
<!-- Generated by org.testng.reporters.JUnitReportReporter -->
<testsuite hostname="Elenas-MacBook-Air.local" failures="0" tests="4" name="LibraryAPI" time="3.346" errors="0" timestamp="2024-12-13T14:04:28 EST" skipped="0">
  <testcase classname="LibraryAPI" name="AddBook" time="0.843"/>
  <testcase classname="LibraryAPI" name="AddBook" time="1.177"/>
  <testcase classname="LibraryAPI" name="AddBook" time="0.707"/>
  <testcase classname="LibraryAPI" name="AddBook" time="0.619"/>
</testsuite> <!-- LibraryAPI -->
