<?xml version="1.0" encoding="UTF-8"?>
<!-- Generated by org.testng.reporters.JUnitReportReporter -->
<testsuite hostname="Elenas-MacBook-Air.local" failures="0" tests="1" name="CompareSummaryPrice" time="0.360" errors="0" timestamp="2024-12-11T15:37:26 EST" skipped="0">
  <testcase classname="CompareSummaryPrice" name="sumOfCourses" time="0.360"/>
</testsuite> <!-- CompareSummaryPrice -->
