<?xml version="1.0" encoding="UTF-8"?>
<!-- Generated by org.testng.reporters.JUnitReportReporter -->
<testsuite hostname="Elenas-MacBook-Air.local" failures="0" tests="6" name="Delete" time="5.744" errors="0" timestamp="2024-12-13T08:50:00 EST" skipped="0">
  <testcase classname="Delete" name="f2" time="1.299"/>
  <testcase classname="Delete" name="f3" time="0.989"/>
  <testcase classname="Delete" name="f2" time="0.802"/>
  <testcase classname="Delete" name="f2" time="0.869"/>
  <testcase classname="Delete" name="f3" time="0.829"/>
  <testcase classname="Delete" name="f3" time="0.956"/>
</testsuite> <!-- Delete -->
